Performing C SOURCE FILE Test CMAKE_HAVE_LIBC_PTHREAD failed with the following output:
Change Dir: /home/sutd/catkin_ws/build/CMakeFiles/CMakeScratch/TryCompile-wPfRGc

Run Build Command(s):/usr/bin/make -f Makefile cmTC_81395/fast && /usr/bin/make  -f CMakeFiles/cmTC_81395.dir/build.make CMakeFiles/cmTC_81395.dir/build
make[1]: Entering directory '/home/sutd/catkin_ws/build/CMakeFiles/CMakeScratch/TryCompile-wPfRGc'
Building C object CMakeFiles/cmTC_81395.dir/src.c.o
/usr/bin/cc -DCMAKE_HAVE_LIBC_PTHREAD   -o CMakeFiles/cmTC_81395.dir/src.c.o -c /home/sutd/catkin_ws/build/CMakeFiles/CMakeScratch/TryCompile-wPfRGc/src.c
Linking C executable cmTC_81395
/home/sutd/.local/lib/python3.8/site-packages/cmake/data/bin/cmake -E cmake_link_script CMakeFiles/cmTC_81395.dir/link.txt --verbose=1
/usr/bin/cc -rdynamic CMakeFiles/cmTC_81395.dir/src.c.o -o cmTC_81395 
/usr/bin/ld: CMakeFiles/cmTC_81395.dir/src.c.o: in function `main':
src.c:(.text+0x46): undefined reference to `pthread_create'
/usr/bin/ld: src.c:(.text+0x52): undefined reference to `pthread_detach'
/usr/bin/ld: src.c:(.text+0x5e): undefined reference to `pthread_cancel'
/usr/bin/ld: src.c:(.text+0x6f): undefined reference to `pthread_join'
collect2: error: ld returned 1 exit status
make[1]: *** [CMakeFiles/cmTC_81395.dir/build.make:99: cmTC_81395] Error 1
make[1]: Leaving directory '/home/sutd/catkin_ws/build/CMakeFiles/CMakeScratch/TryCompile-wPfRGc'
make: *** [Makefile:127: cmTC_81395/fast] Error 2


Source file was:
#include <pthread.h>

static void* test_func(void* data)
{
  return data;
}

int main(void)
{
  pthread_t thread;
  pthread_create(&thread, NULL, test_func, NULL);
  pthread_detach(thread);
  pthread_cancel(thread);
  pthread_join(thread, NULL);
  pthread_atfork(NULL, NULL, NULL);
  pthread_exit(NULL);

  return 0;
}


Determining if the function pthread_create exists in the pthreads failed with the following output:
Change Dir: /home/sutd/catkin_ws/build/CMakeFiles/CMakeScratch/TryCompile-CNojTa

Run Build Command(s):/usr/bin/make -f Makefile cmTC_723ab/fast && /usr/bin/make  -f CMakeFiles/cmTC_723ab.dir/build.make CMakeFiles/cmTC_723ab.dir/build
make[1]: Entering directory '/home/sutd/catkin_ws/build/CMakeFiles/CMakeScratch/TryCompile-CNojTa'
Building C object CMakeFiles/cmTC_723ab.dir/CheckFunctionExists.c.o
/usr/bin/cc   -DCHECK_FUNCTION_EXISTS=pthread_create -o CMakeFiles/cmTC_723ab.dir/CheckFunctionExists.c.o -c /home/sutd/catkin_ws/build/CMakeFiles/CMakeScratch/TryCompile-CNojTa/CheckFunctionExists.c
Linking C executable cmTC_723ab
/home/sutd/.local/lib/python3.8/site-packages/cmake/data/bin/cmake -E cmake_link_script CMakeFiles/cmTC_723ab.dir/link.txt --verbose=1
/usr/bin/cc  -DCHECK_FUNCTION_EXISTS=pthread_create -rdynamic CMakeFiles/cmTC_723ab.dir/CheckFunctionExists.c.o -o cmTC_723ab  -lpthreads 
/usr/bin/ld: cannot find -lpthreads
collect2: error: ld returned 1 exit status
make[1]: *** [CMakeFiles/cmTC_723ab.dir/build.make:99: cmTC_723ab] Error 1
make[1]: Leaving directory '/home/sutd/catkin_ws/build/CMakeFiles/CMakeScratch/TryCompile-CNojTa'
make: *** [Makefile:127: cmTC_723ab/fast] Error 2



